2024-01-05 15:32:09.202  INFO 7161 --- [main] lavalink.server.Launcher                 : Starting Launcher using Java 17.0.9 on raspberrypi with PID 7161 (/home/pi/Desktop/jimbot/cogs/Lavalink.jar started by pi in /home/pi/Desktop/jimbot/cogs)
2024-01-05 15:32:09.307  INFO 7161 --- [main] lavalink.server.Launcher                 : No active profile set, falling back to 1 default profile: "default"
2024-01-05 15:32:17.397  INFO 7161 --- [main] lavalink.server.Launcher                 : Started Launcher in 14.123 seconds (JVM running for 19.308)
2024-01-05 15:32:17.419  INFO 7161 --- [main] lavalink.server.Launcher                 : You can safely ignore the big red warning about illegal reflection. See https://github.com/lavalink-devs/Lavalink/issues/295
2024-01-05 15:32:17.996  INFO 7161 --- [main] lavalink.server.Launcher                 : 

[32m       .  [31m _                  _ _       _    [32m__ _ _
[32m      /\\ [31m| | __ ___   ____ _| (_)_ __ | | __[32m\ \ \ \
[32m     ( ( )[31m| |/ _` \ \ / / _` | | | '_ \| |/ /[32m \ \ \ \
[32m      \\/ [31m| | (_| |\ V / (_| | | | | | |   < [32m  ) ) ) )
[32m       '  [31m|_|\__,_| \_/ \__,_|_|_|_| |_|_|\_\[32m / / / /
[0m    =========================================[32m/_/_/_/[0m

	Version:        3.7.8
	Build time:     03.08.2023 15:46:57 UTC
	Branch          HEAD
	Commit:         439f122
	Commit time:    03.08.2023 15:32:39 UTC
	JVM:            17.0.9
	Lavaplayer      1.5.0

2024-01-05 15:32:18.078  INFO 7161 --- [main] lavalink.server.Launcher                 : No active profile set, falling back to 1 default profile: "default"
2024-01-05 15:32:27.531  WARN 7161 --- [main] io.undertow.websockets.jsr               : UT026010: Buffer pool was not set on WebSocketDeploymentInfo, the default pool will be used
2024-01-05 15:32:27.863  INFO 7161 --- [main] io.undertow.servlet                      : Initializing Spring embedded WebApplicationContext
2024-01-05 15:32:27.865  INFO 7161 --- [main] w.s.c.ServletWebServerApplicationContext : Root WebApplicationContext: initialization completed in 9691 ms
2024-01-05 15:32:29.300  INFO 7161 --- [main] c.s.d.l.tools.GarbageCollectionMonitor   : GC monitoring enabled, reporting results every 2 minutes.
2024-01-05 15:32:35.805  INFO 7161 --- [main] lavalink.server.config.KoeConfiguration  : OS: LINUX, Arch: ARM
2024-01-05 15:32:35.806  INFO 7161 --- [main] lavalink.server.config.KoeConfiguration  : Enabling JDA-NAS
2024-01-05 15:32:35.867  INFO 7161 --- [main] c.s.l.c.natives.NativeLibraryLoader      : Native library udpqueue: loading with filter null
2024-01-05 15:32:35.907  INFO 7161 --- [main] c.s.l.c.natives.NativeLibraryLoader      : Native library udpqueue: successfully loaded.
2024-01-05 15:32:36.414  WARN 7161 --- [main] l.server.config.SentryConfiguration      : Turning off sentry
2024-01-05 15:32:38.825  INFO 7161 --- [main] io.undertow                              : starting server: Undertow - 2.2.16.Final
2024-01-05 15:32:38.958  INFO 7161 --- [main] org.xnio                                 : XNIO version 3.8.6.Final
2024-01-05 15:32:39.119  INFO 7161 --- [main] org.xnio.nio                             : XNIO NIO Implementation Version 3.8.6.Final
2024-01-05 15:32:39.913  INFO 7161 --- [main] org.jboss.threads                        : JBoss Threads version 3.1.0.Final
2024-01-05 15:32:40.309  INFO 7161 --- [main] o.s.b.w.e.undertow.UndertowWebServer     : Undertow started on port(s) 2333 (http)
2024-01-05 15:32:40.378  INFO 7161 --- [main] lavalink.server.Launcher                 : Started Launcher in 22.896 seconds (JVM running for 42.288)
2024-01-05 15:32:40.388  INFO 7161 --- [main] lavalink.server.Launcher                 : Lavalink is ready to accept connections.
2024-01-05 15:34:58.272  INFO 7161 --- [XNIO-1 task-1] io.undertow.servlet                      : Initializing Spring DispatcherServlet 'dispatcherServlet'
2024-01-05 15:34:58.274  INFO 7161 --- [XNIO-1 task-1] o.s.web.servlet.DispatcherServlet        : Initializing Servlet 'dispatcherServlet'
2024-01-05 15:34:58.285  INFO 7161 --- [XNIO-1 task-1] o.s.web.servlet.DispatcherServlet        : Completed initialization in 11 ms
2024-01-05 15:34:58.481  INFO 7161 --- [XNIO-1 task-1] l.server.io.HandshakeInterceptorImpl     : Incoming connection from /[0:0:0:0:0:0:0:1]:43408
2024-01-05 15:34:58.677  INFO 7161 --- [XNIO-1 task-1] lavalink.server.io.RequestLoggingFilter  : GET /, client=0:0:0:0:0:0:0:1
2024-01-05 15:34:59.015  INFO 7161 --- [XNIO-1 task-2] lavalink.server.io.RequestLoggingFilter  : GET /version, client=127.0.0.1
2024-01-05 15:35:00.911  INFO 7161 --- [XNIO-1 task-1] lavalink.server.io.SocketServer          : Connection successfully established from Wavelink/2.5.1
2024-01-05 15:36:29.302  WARN 7161 --- [lava-daemon-pool-manager-3-thread-1] c.s.d.l.tools.GarbageCollectionMonitor   : Suspicious GC results for the last 2 minutes: [Bucket 0 = 8] [Bucket 20 = 4] [Bucket 50 = 0] [Bucket 200 = 1] [Bucket 500 = 0] [Bucket 2000 = 0] 
2024-01-05 15:37:02.996  INFO 7161 --- [XNIO-1 I/O-3] lavalink.server.io.SocketServer          : Connection closed from /[0:0:0:0:0:0:0:1]:43408 -- CloseStatus[code=1006, reason=]
2024-01-05 15:37:03.012  INFO 7161 --- [XNIO-1 I/O-3] lavalink.server.io.SocketContext         : Shutting down 0 playing players.
2024-01-05 15:37:13.912  INFO 7161 --- [XNIO-1 task-1] l.server.io.HandshakeInterceptorImpl     : Incoming connection from /[0:0:0:0:0:0:0:1]:49448
2024-01-05 15:37:13.920  INFO 7161 --- [XNIO-1 task-1] lavalink.server.io.RequestLoggingFilter  : GET /, client=0:0:0:0:0:0:0:1
2024-01-05 15:37:13.931  INFO 7161 --- [XNIO-1 task-1] lavalink.server.io.SocketServer          : Connection successfully established from Wavelink/2.5.1
2024-01-05 15:37:13.952  INFO 7161 --- [XNIO-1 task-1] lavalink.server.io.RequestLoggingFilter  : GET /version, client=127.0.0.1
2024-01-05 15:40:30.392  INFO 7161 --- [XNIO-1 task-1] lavalink.server.io.RequestLoggingFilter  : PATCH /v3/sessions/c8fd4ogch24bdcvo/players/711730996583727155, client=0:0:0:0:0:0:0:1, payload={"voice": {"sessionId": "a037277e79ec49c253fb85470261e4b3", "token": "4e5a66ec8bc73302", "endpoint": "sydney11017.discord.media:443"}}
2024-01-05 15:40:36.861  INFO 7161 --- [XNIO-1 task-1] l.server.player.AudioLoaderRestHandler   : Got request to load for identifier "ytsearch:pull up ksi"
2024-01-05 15:40:38.228  INFO 7161 --- [lava-daemon-pool-info-loader-2-thread-1] lavalink.server.player.AudioLoader       : Loaded playlist Search results for: pull up ksi
2024-01-05 15:40:38.577  INFO 7161 --- [XNIO-1 task-1] lavalink.server.io.RequestLoggingFilter  : GET /v3/loadtracks?identifier=ytsearch:pull+up+ksi, client=0:0:0:0:0:0:0:1
2024-01-05 15:40:42.557  WARN 7161 --- [lava-daemon-pool-playback-1-thread-1] c.s.d.l.s.y.YoutubeAccessTokenTracker    : YouTube auth tokens can't be retrieved because email and password is not set in YoutubeAudioSourceManager, age restricted videos will throw exceptions.
2024-01-05 15:40:42.565  INFO 7161 --- [XNIO-1 task-1] lavalink.server.io.RequestLoggingFilter  : PATCH /v3/sessions/c8fd4ogch24bdcvo/players/711730996583727155?noReplace=False, client=0:0:0:0:0:0:0:1, payload={"encodedTrack": "QAAAcQIAFFBVTEwgVVAgLSBLU0kgRlQgSk1FAANLU0kAAAAAAALmMAALUlF5NmJRU2JDLVUAAQAraHR0cHM6Ly93d3cueW91dHViZS5jb20vd2F0Y2g/dj1SUXk2YlFTYkMtVQAHeW91dHViZQAAAAAAAAAA", "position": 0, "volume": 50}
2024-01-05 15:40:42.578  INFO 7161 --- [XNIO-1 task-2] lavalink.server.io.RequestLoggingFilter  : GET /v3/decodetrack?encodedTrack=QAAAcQIAFFBVTEwgVVAgLSBLU0kgRlQgSk1FAANLU0kAAAAAAALmMAALUlF5NmJRU2JDLVUAAQAraHR0cHM6Ly93d3cueW91dHViZS5jb20vd2F0Y2g/dj1SUXk2YlFTYkMtVQAHeW91dHViZQAAAAAAAAAA, client=0:0:0:0:0:0:0:1
2024-01-05 15:40:45.070  INFO 7161 --- [lava-daemon-pool-playback-1-thread-1] c.s.d.l.s.y.YoutubeAccessTokenTracker    : Updating YouTube visitor id (current is null).
2024-01-05 15:40:45.458  INFO 7161 --- [lava-daemon-pool-playback-1-thread-1] c.s.d.l.s.y.YoutubeAccessTokenTracker    : Updating YouTube visitor id succeeded, new one is CgtoX0ZuRUlXUC1KRSjNkN6sBjIKCgJBVRIEGgAgIzoKIJz_xdnRieLLZQ%3D%3D, next update will be after 600 seconds.
2024-01-05 15:40:46.404  INFO 7161 --- [lava-daemon-pool-playback-1-thread-1] c.s.l.c.natives.NativeLibraryLoader      : Native library libmpg123-0: loading with filter com.sedmelluq.discord.lavaplayer.natives.ConnectorNativeLibLoader$$Lambda$763/0x60a9f2a0@d65dfb
2024-01-05 15:40:46.406  INFO 7161 --- [lava-daemon-pool-playback-1-thread-1] c.s.l.c.natives.NativeLibraryLoader      : Native library connector: loading with filter null
2024-01-05 15:40:46.537  INFO 7161 --- [lava-daemon-pool-playback-1-thread-1] c.s.l.c.natives.NativeLibraryLoader      : Native library connector: successfully loaded.
2024-01-05 15:41:09.123  INFO 7161 --- [XNIO-1 task-2] l.server.player.AudioLoaderRestHandler   : Got request to load for identifier "ytsearch:my eyes second part travis scott"
2024-01-05 15:41:09.749  INFO 7161 --- [lava-daemon-pool-info-loader-2-thread-1] lavalink.server.player.AudioLoader       : Loaded playlist Search results for: my eyes second part travis scott
2024-01-05 15:41:09.786  INFO 7161 --- [XNIO-1 task-2] lavalink.server.io.RequestLoggingFilter  : GET /v3/loadtracks?identifier=ytsearch:my+eyes+second+part+travis+scott, client=0:0:0:0:0:0:0:1
2024-01-05 15:41:11.853  INFO 7161 --- [XNIO-1 task-2] lavalink.server.io.RequestLoggingFilter  : PATCH /v3/sessions/c8fd4ogch24bdcvo/players/711730996583727155?noReplace=False, client=0:0:0:0:0:0:0:1, payload={"encodedTrack": "QAAAjwIAL1RyYXZpcyBTY290dCAtIE15IEV5ZXMgLSAoU2Vjb25kIEhhbGYgRXh0ZW5kZWQpAAZzb2hraGEAAAAAAASXyAALcHh3bTNzcUF5dEUAAQAraHR0cHM6Ly93d3cueW91dHViZS5jb20vd2F0Y2g/dj1weHdtM3NxQXl0RQAHeW91dHViZQAAAAAAAAAA", "position": 0, "volume": 50}
2024-01-05 15:41:11.859  INFO 7161 --- [XNIO-1 task-1] lavalink.server.io.RequestLoggingFilter  : GET /v3/decodetrack?encodedTrack=QAAAcQIAFFBVTEwgVVAgLSBLU0kgRlQgSk1FAANLU0kAAAAAAALmMAALUlF5NmJRU2JDLVUAAQAraHR0cHM6Ly93d3cueW91dHViZS5jb20vd2F0Y2g/dj1SUXk2YlFTYkMtVQAHeW91dHViZQAAAAAAAGMk, client=127.0.0.1
2024-01-05 15:41:11.881  INFO 7161 --- [XNIO-1 task-1] lavalink.server.io.RequestLoggingFilter  : GET /v3/decodetrack?encodedTrack=QAAAjwIAL1RyYXZpcyBTY290dCAtIE15IEV5ZXMgLSAoU2Vjb25kIEhhbGYgRXh0ZW5kZWQpAAZzb2hraGEAAAAAAASXyAALcHh3bTNzcUF5dEUAAQAraHR0cHM6Ly93d3cueW91dHViZS5jb20vd2F0Y2g/dj1weHdtM3NxQXl0RQAHeW91dHViZQAAAAAAAAAA, client=127.0.0.1
2024-01-05 15:42:29.301  WARN 7161 --- [lava-daemon-pool-manager-3-thread-1] c.s.d.l.tools.GarbageCollectionMonitor   : Suspicious GC results for the last 2 minutes: [Bucket 0 = 0] [Bucket 20 = 6] [Bucket 50 = 1] [Bucket 200 = 2] [Bucket 500 = 0] [Bucket 2000 = 0] 
2024-01-05 15:42:38.843  INFO 7161 --- [XNIO-1 I/O-2] lavalink.server.io.SocketServer          : Connection closed from /[0:0:0:0:0:0:0:1]:49448 -- CloseStatus[code=1006, reason=]
2024-01-05 15:42:38.845  INFO 7161 --- [XNIO-1 I/O-2] lavalink.server.io.SocketContext         : Shutting down 1 playing players.
2024-01-05 15:43:02.045  INFO 7161 --- [XNIO-1 task-1] l.server.io.HandshakeInterceptorImpl     : Incoming connection from /[0:0:0:0:0:0:0:1]:58302
2024-01-05 15:43:02.052  INFO 7161 --- [XNIO-1 task-1] lavalink.server.io.RequestLoggingFilter  : GET /, client=0:0:0:0:0:0:0:1
2024-01-05 15:43:02.060  INFO 7161 --- [XNIO-1 task-1] lavalink.server.io.SocketServer          : Connection successfully established from Wavelink/2.5.1
2024-01-05 15:43:02.087  INFO 7161 --- [XNIO-1 task-1] lavalink.server.io.RequestLoggingFilter  : GET /version, client=127.0.0.1
2024-01-05 15:44:09.432  INFO 7161 --- [XNIO-1 I/O-4] lavalink.server.io.SocketServer          : Connection closed from /[0:0:0:0:0:0:0:1]:58302 -- CloseStatus[code=1006, reason=]
2024-01-05 15:44:09.434  INFO 7161 --- [XNIO-1 I/O-4] lavalink.server.io.SocketContext         : Shutting down 0 playing players.
2024-01-05 16:12:01.183  INFO 7161 --- [XNIO-1 task-1] l.server.io.HandshakeInterceptorImpl     : Incoming connection from /[0:0:0:0:0:0:0:1]:32862
2024-01-05 16:12:01.192  INFO 7161 --- [XNIO-1 task-1] lavalink.server.io.RequestLoggingFilter  : GET /, client=0:0:0:0:0:0:0:1
2024-01-05 16:12:01.201  INFO 7161 --- [XNIO-1 task-1] lavalink.server.io.SocketServer          : Connection successfully established from Wavelink/2.5.1
2024-01-05 16:12:01.221  INFO 7161 --- [XNIO-1 task-1] lavalink.server.io.RequestLoggingFilter  : GET /version, client=127.0.0.1
2024-01-05 16:12:18.848  INFO 7161 --- [XNIO-1 I/O-4] lavalink.server.io.SocketServer          : Connection closed from /[0:0:0:0:0:0:0:1]:32862 -- CloseStatus[code=1006, reason=]
2024-01-05 16:12:18.849  INFO 7161 --- [XNIO-1 I/O-4] lavalink.server.io.SocketContext         : Shutting down 0 playing players.
2024-01-05 16:13:58.325  INFO 7161 --- [XNIO-1 task-1] l.server.io.HandshakeInterceptorImpl     : Incoming connection from /[0:0:0:0:0:0:0:1]:53486
2024-01-05 16:13:58.333  INFO 7161 --- [XNIO-1 task-1] lavalink.server.io.RequestLoggingFilter  : GET /, client=0:0:0:0:0:0:0:1
2024-01-05 16:13:58.341  INFO 7161 --- [XNIO-1 task-1] lavalink.server.io.SocketServer          : Connection successfully established from Wavelink/2.5.1
2024-01-05 16:13:58.356  INFO 7161 --- [XNIO-1 task-1] lavalink.server.io.RequestLoggingFilter  : GET /version, client=127.0.0.1
2024-01-05 16:18:09.568  INFO 7161 --- [XNIO-1 I/O-4] lavalink.server.io.SocketServer          : Connection closed from /[0:0:0:0:0:0:0:1]:53486 -- CloseStatus[code=1006, reason=]
2024-01-05 16:18:09.569  INFO 7161 --- [XNIO-1 I/O-4] lavalink.server.io.SocketContext         : Shutting down 0 playing players.
2024-01-05 16:22:40.129  INFO 7161 --- [XNIO-1 task-1] l.server.io.HandshakeInterceptorImpl     : Incoming connection from /[0:0:0:0:0:0:0:1]:48046
2024-01-05 16:22:40.138  INFO 7161 --- [XNIO-1 task-1] lavalink.server.io.RequestLoggingFilter  : GET /, client=0:0:0:0:0:0:0:1
2024-01-05 16:22:40.145  INFO 7161 --- [XNIO-1 task-1] lavalink.server.io.SocketServer          : Connection successfully established from Wavelink/2.5.1
2024-01-05 16:22:40.161  INFO 7161 --- [XNIO-1 task-1] lavalink.server.io.RequestLoggingFilter  : GET /version, client=127.0.0.1
2024-01-05 16:23:40.075  INFO 7161 --- [XNIO-1 I/O-4] lavalink.server.io.SocketServer          : Connection closed from /[0:0:0:0:0:0:0:1]:48046 -- CloseStatus[code=1006, reason=]
2024-01-05 16:23:40.077  INFO 7161 --- [XNIO-1 I/O-4] lavalink.server.io.SocketContext         : Shutting down 0 playing players.
